DEPRECATION WARNING: Using legacy connection handling is deprecated. Please set
`legacy_connection_handling` to `false` in your application.

The new connection handling does not support `connection_handlers`
getter and setter.

Read more about how to migrate at: https://guides.rubyonrails.org/active_record_multiple_databases.html#migrate-to-the-new-connection-handling
 (called from <top (required)> at /var/www/rendezvous/config/environment.rb:5)
DEPRECATION WARNING: Using legacy connection handling is deprecated. Please set
`legacy_connection_handling` to `false` in your application.

The new connection handling does not support `connection_handlers`
getter and setter.

Read more about how to migrate at: https://guides.rubyonrails.org/active_record_multiple_databases.html#migrate-to-the-new-connection-handling
 (called from <top (required)> at /var/www/rendezvous/config/environment.rb:5)
DEPRECATION WARNING: Using legacy connection handling is deprecated. Please set
`legacy_connection_handling` to `false` in your application.

The new connection handling does not support `connection_handlers`
getter and setter.

Read more about how to migrate at: https://guides.rubyonrails.org/active_record_multiple_databases.html#migrate-to-the-new-connection-handling
 (called from <top (required)> at /var/www/rendezvous/config/environment.rb:5)
DEPRECATION WARNING: Using legacy connection handling is deprecated. Please set
`legacy_connection_handling` to `false` in your application.

The new connection handling does not support `connection_handlers`
getter and setter.

Read more about how to migrate at: https://guides.rubyonrails.org/active_record_multiple_databases.html#migrate-to-the-new-connection-handling
 (called from <top (required)> at /var/www/rendezvous/config/environment.rb:5)
DEPRECATION WARNING: Using legacy connection handling is deprecated. Please set
`legacy_connection_handling` to `false` in your application.

The new connection handling does not support `connection_handlers`
getter and setter.

Read more about how to migrate at: https://guides.rubyonrails.org/active_record_multiple_databases.html#migrate-to-the-new-connection-handling
 (called from <top (required)> at /var/www/rendezvous/config/environment.rb:5)
DEPRECATION WARNING: Using legacy connection handling is deprecated. Please set
`legacy_connection_handling` to `false` in your application.

The new connection handling does not support `connection_handlers`
getter and setter.

Read more about how to migrate at: https://guides.rubyonrails.org/active_record_multiple_databases.html#migrate-to-the-new-connection-handling
 (called from <top (required)> at /var/www/rendezvous/config/environment.rb:5)
DEPRECATION WARNING: Using legacy connection handling is deprecated. Please set
`legacy_connection_handling` to `false` in your application.

The new connection handling does not support `connection_handlers`
getter and setter.

Read more about how to migrate at: https://guides.rubyonrails.org/active_record_multiple_databases.html#migrate-to-the-new-connection-handling
 (called from <top (required)> at /var/www/rendezvous/config/environment.rb:5)
DEPRECATION WARNING: Using legacy connection handling is deprecated. Please set
`legacy_connection_handling` to `false` in your application.

The new connection handling does not support `connection_handlers`
getter and setter.

Read more about how to migrate at: https://guides.rubyonrails.org/active_record_multiple_databases.html#migrate-to-the-new-connection-handling
 (called from <top (required)> at /var/www/rendezvous/config/environment.rb:5)
DEPRECATION WARNING: Using legacy connection handling is deprecated. Please set
`legacy_connection_handling` to `false` in your application.

The new connection handling does not support `connection_handlers`
getter and setter.

Read more about how to migrate at: https://guides.rubyonrails.org/active_record_multiple_databases.html#migrate-to-the-new-connection-handling
 (called from <top (required)> at /var/www/rendezvous/config/environment.rb:5)
DEPRECATION WARNING: Using legacy connection handling is deprecated. Please set
`legacy_connection_handling` to `false` in your application.

The new connection handling does not support `connection_handlers`
getter and setter.

Read more about how to migrate at: https://guides.rubyonrails.org/active_record_multiple_databases.html#migrate-to-the-new-connection-handling
 (called from <top (required)> at /var/www/rendezvous/config/environment.rb:5)
DEPRECATION WARNING: Using legacy connection handling is deprecated. Please set
`legacy_connection_handling` to `false` in your application.

The new connection handling does not support `connection_handlers`
getter and setter.

Read more about how to migrate at: https://guides.rubyonrails.org/active_record_multiple_databases.html#migrate-to-the-new-connection-handling
 (called from <top (required)> at /var/www/rendezvous/config/environment.rb:5)
DEPRECATION WARNING: Using legacy connection handling is deprecated. Please set
`legacy_connection_handling` to `false` in your application.

The new connection handling does not support `connection_handlers`
getter and setter.

Read more about how to migrate at: https://guides.rubyonrails.org/active_record_multiple_databases.html#migrate-to-the-new-connection-handling
 (called from <top (required)> at /var/www/rendezvous/config/environment.rb:5)
DEPRECATION WARNING: Using legacy connection handling is deprecated. Please set
`legacy_connection_handling` to `false` in your application.

The new connection handling does not support `connection_handlers`
getter and setter.

Read more about how to migrate at: https://guides.rubyonrails.org/active_record_multiple_databases.html#migrate-to-the-new-connection-handling
 (called from <top (required)> at /var/www/rendezvous/config/environment.rb:5)
DEPRECATION WARNING: Using legacy connection handling is deprecated. Please set
`legacy_connection_handling` to `false` in your application.

The new connection handling does not support `connection_handlers`
getter and setter.

Read more about how to migrate at: https://guides.rubyonrails.org/active_record_multiple_databases.html#migrate-to-the-new-connection-handling
 (called from <top (required)> at /var/www/rendezvous/config/environment.rb:5)
DEPRECATION WARNING: Using legacy connection handling is deprecated. Please set
`legacy_connection_handling` to `false` in your application.

The new connection handling does not support `connection_handlers`
getter and setter.

Read more about how to migrate at: https://guides.rubyonrails.org/active_record_multiple_databases.html#migrate-to-the-new-connection-handling
 (called from <top (required)> at /var/www/rendezvous/config/environment.rb:5)
DEPRECATION WARNING: Using legacy connection handling is deprecated. Please set
`legacy_connection_handling` to `false` in your application.

The new connection handling does not support `connection_handlers`
getter and setter.

Read more about how to migrate at: https://guides.rubyonrails.org/active_record_multiple_databases.html#migrate-to-the-new-connection-handling
 (called from <top (required)> at /var/www/rendezvous/config/environment.rb:5)
DEPRECATION WARNING: Using legacy connection handling is deprecated. Please set
`legacy_connection_handling` to `false` in your application.

The new connection handling does not support `connection_handlers`
getter and setter.

Read more about how to migrate at: https://guides.rubyonrails.org/active_record_multiple_databases.html#migrate-to-the-new-connection-handling
 (called from <top (required)> at /var/www/rendezvous/config/environment.rb:5)
DEPRECATION WARNING: Using legacy connection handling is deprecated. Please set
`legacy_connection_handling` to `false` in your application.

The new connection handling does not support `connection_handlers`
getter and setter.

Read more about how to migrate at: https://guides.rubyonrails.org/active_record_multiple_databases.html#migrate-to-the-new-connection-handling
 (called from <top (required)> at /var/www/rendezvous/config/environment.rb:5)
DEPRECATION WARNING: Using legacy connection handling is deprecated. Please set
`legacy_connection_handling` to `false` in your application.

The new connection handling does not support `connection_handlers`
getter and setter.

Read more about how to migrate at: https://guides.rubyonrails.org/active_record_multiple_databases.html#migrate-to-the-new-connection-handling
 (called from <top (required)> at /var/www/rendezvous/config/environment.rb:5)
DEPRECATION WARNING: Using legacy connection handling is deprecated. Please set
`legacy_connection_handling` to `false` in your application.

The new connection handling does not support `connection_handlers`
getter and setter.

Read more about how to migrate at: https://guides.rubyonrails.org/active_record_multiple_databases.html#migrate-to-the-new-connection-handling
 (called from <top (required)> at /var/www/rendezvous/config/environment.rb:5)
DEPRECATION WARNING: Using legacy connection handling is deprecated. Please set
`legacy_connection_handling` to `false` in your application.

The new connection handling does not support `connection_handlers`
getter and setter.

Read more about how to migrate at: https://guides.rubyonrails.org/active_record_multiple_databases.html#migrate-to-the-new-connection-handling
 (called from <top (required)> at /var/www/rendezvous/config/environment.rb:5)
  [1m[36mActiveRecord::SchemaMigration Pluck (67.7ms)[0m  [1m[34mSELECT `schema_migrations`.`version` FROM `schema_migrations` ORDER BY `schema_migrations`.`version` ASC[0m
Processing by ContentPagesController#index as HTML
Completed 500 Internal Server Error in 34524ms (ActiveRecord: 0.0ms | Allocations: 4381267)


DEPRECATION WARNING: Using legacy connection handling is deprecated. Please set
`legacy_connection_handling` to `false` in your application.

The new connection handling does not support `connection_handlers`
getter and setter.

Read more about how to migrate at: https://guides.rubyonrails.org/active_record_multiple_databases.html#migrate-to-the-new-connection-handling
 (called from <top (required)> at /var/www/rendezvous/config/environment.rb:5)
DEPRECATION WARNING: Using legacy connection handling is deprecated. Please set
`legacy_connection_handling` to `false` in your application.

The new connection handling does not support `connection_handlers`
getter and setter.

Read more about how to migrate at: https://guides.rubyonrails.org/active_record_multiple_databases.html#migrate-to-the-new-connection-handling
 (called from <top (required)> at /var/www/rendezvous/config/environment.rb:5)
DEPRECATION WARNING: Using legacy connection handling is deprecated. Please set
`legacy_connection_handling` to `false` in your application.

The new connection handling does not support `connection_handlers`
getter and setter.

Read more about how to migrate at: https://guides.rubyonrails.org/active_record_multiple_databases.html#migrate-to-the-new-connection-handling
 (called from <top (required)> at /var/www/rendezvous/config/environment.rb:5)
DEPRECATION WARNING: Using legacy connection handling is deprecated. Please set
`legacy_connection_handling` to `false` in your application.

The new connection handling does not support `connection_handlers`
getter and setter.

Read more about how to migrate at: https://guides.rubyonrails.org/active_record_multiple_databases.html#migrate-to-the-new-connection-handling
 (called from <top (required)> at /var/www/rendezvous/config/environment.rb:5)
DEPRECATION WARNING: Using legacy connection handling is deprecated. Please set
`legacy_connection_handling` to `false` in your application.

The new connection handling does not support `connection_handlers`
getter and setter.

Read more about how to migrate at: https://guides.rubyonrails.org/active_record_multiple_databases.html#migrate-to-the-new-connection-handling
 (called from <top (required)> at /var/www/rendezvous/config/environment.rb:5)
DEPRECATION WARNING: Using legacy connection handling is deprecated. Please set
`legacy_connection_handling` to `false` in your application.

The new connection handling does not support `connection_handlers`
getter and setter.

Read more about how to migrate at: https://guides.rubyonrails.org/active_record_multiple_databases.html#migrate-to-the-new-connection-handling
 (called from <top (required)> at /var/www/rendezvous/config/environment.rb:5)
DEPRECATION WARNING: Using legacy connection handling is deprecated. Please set
`legacy_connection_handling` to `false` in your application.

The new connection handling does not support `connection_handlers`
getter and setter.

Read more about how to migrate at: https://guides.rubyonrails.org/active_record_multiple_databases.html#migrate-to-the-new-connection-handling
 (called from <top (required)> at /var/www/rendezvous/config/environment.rb:5)
  [1m[36mActiveRecord::SchemaMigration Pluck (57.7ms)[0m  [1m[34mSELECT `schema_migrations`.`version` FROM `schema_migrations` ORDER BY `schema_migrations`.`version` ASC[0m
Processing by ContentPagesController#index as HTML
Completed 500 Internal Server Error in 40031ms (ActiveRecord: 0.0ms | Allocations: 1158479)


DEPRECATION WARNING: Using legacy connection handling is deprecated. Please set
`legacy_connection_handling` to `false` in your application.

The new connection handling does not support `connection_handlers`
getter and setter.

Read more about how to migrate at: https://guides.rubyonrails.org/active_record_multiple_databases.html#migrate-to-the-new-connection-handling
 (called from <top (required)> at /var/www/rendezvous/config/environment.rb:5)
  [1m[36mActiveRecord::SchemaMigration Pluck (48.5ms)[0m  [1m[34mSELECT `schema_migrations`.`version` FROM `schema_migrations` ORDER BY `schema_migrations`.`version` ASC[0m
Processing by ContentPagesController#index as HTML
  [1m[36mPicture Count (35.0ms)[0m  [1m[34mSELECT COUNT(*) FROM (SELECT 1 AS one FROM `pictures` ORDER BY RAND() LIMIT 8) subquery_for_count[0m
  [1m[36mPicture Load (8.4ms)[0m  [1m[34mSELECT `pictures`.* FROM `pictures` ORDER BY RAND() LIMIT 8[0m
Completed 200 OK in 58582ms (Views: 58361.5ms | ActiveRecord: 97.8ms | Allocations: 1932531)


DEPRECATION WARNING: Using legacy connection handling is deprecated. Please set
`legacy_connection_handling` to `false` in your application.

The new connection handling does not support `connection_handlers`
getter and setter.

Read more about how to migrate at: https://guides.rubyonrails.org/active_record_multiple_databases.html#migrate-to-the-new-connection-handling
 (called from <top (required)> at /var/www/rendezvous/config/environment.rb:5)
Processing by ContentPagesController#index as HTML
  [1m[36mPicture Count (13.1ms)[0m  [1m[34mSELECT COUNT(*) FROM (SELECT 1 AS one FROM `pictures` ORDER BY RAND() LIMIT 8) subquery_for_count[0m
  [1m[36mPicture Load (6.5ms)[0m  [1m[34mSELECT `pictures`.* FROM `pictures` ORDER BY RAND() LIMIT 8[0m
Completed 200 OK in 931ms (Views: 896.8ms | ActiveRecord: 19.7ms | Allocations: 70799)


Processing by ContentPagesController#index as HTML
  [1m[36mPicture Count (11.1ms)[0m  [1m[34mSELECT COUNT(*) FROM (SELECT 1 AS one FROM `pictures` ORDER BY RAND() LIMIT 8) subquery_for_count[0m
  [1m[36mPicture Load (6.7ms)[0m  [1m[34mSELECT `pictures`.* FROM `pictures` ORDER BY RAND() LIMIT 8[0m
Completed 200 OK in 1023ms (Views: 989.8ms | ActiveRecord: 17.7ms | Allocations: 69368)


Processing by ContentPagesController#index as HTML
  [1m[36mPicture Count (12.1ms)[0m  [1m[34mSELECT COUNT(*) FROM (SELECT 1 AS one FROM `pictures` ORDER BY RAND() LIMIT 8) subquery_for_count[0m
  [1m[36mPicture Load (6.7ms)[0m  [1m[34mSELECT `pictures`.* FROM `pictures` ORDER BY RAND() LIMIT 8[0m
Completed 200 OK in 932ms (Views: 893.2ms | ActiveRecord: 18.8ms | Allocations: 69393)


Processing by ContentPagesController#index as HTML
  [1m[36mPicture Count (14.8ms)[0m  [1m[34mSELECT COUNT(*) FROM (SELECT 1 AS one FROM `pictures` ORDER BY RAND() LIMIT 8) subquery_for_count[0m
  [1m[36mPicture Load (6.5ms)[0m  [1m[34mSELECT `pictures`.* FROM `pictures` ORDER BY RAND() LIMIT 8[0m
Completed 200 OK in 1010ms (Views: 977.7ms | ActiveRecord: 21.2ms | Allocations: 69389)


Processing by ContentPagesController#index as HTML
  [1m[36mPicture Count (21.1ms)[0m  [1m[34mSELECT COUNT(*) FROM (SELECT 1 AS one FROM `pictures` ORDER BY RAND() LIMIT 8) subquery_for_count[0m
  [1m[36mPicture Load (8.0ms)[0m  [1m[34mSELECT `pictures`.* FROM `pictures` ORDER BY RAND() LIMIT 8[0m
Completed 200 OK in 1450ms (Views: 1195.5ms | ActiveRecord: 49.4ms | Allocations: 69543)


Processing by ContentPagesController#index as HTML
  [1m[36mPicture Count (7.7ms)[0m  [1m[34mSELECT COUNT(*) FROM (SELECT 1 AS one FROM `pictures` ORDER BY RAND() LIMIT 8) subquery_for_count[0m
  [1m[36mPicture Load (6.3ms)[0m  [1m[34mSELECT `pictures`.* FROM `pictures` ORDER BY RAND() LIMIT 8[0m
Completed 200 OK in 968ms (Views: 914.6ms | ActiveRecord: 18.2ms | Allocations: 69471)


DEPRECATION WARNING: Using legacy connection handling is deprecated. Please set
`legacy_connection_handling` to `false` in your application.

The new connection handling does not support `connection_handlers`
getter and setter.

Read more about how to migrate at: https://guides.rubyonrails.org/active_record_multiple_databases.html#migrate-to-the-new-connection-handling
 (called from <top (required)> at /var/www/rendezvous/config/environment.rb:5)
  [1m[36mActiveRecord::SchemaMigration Pluck (59.6ms)[0m  [1m[34mSELECT `schema_migrations`.`version` FROM `schema_migrations` ORDER BY `schema_migrations`.`version` ASC[0m
Processing by ContentPagesController#index as HTML
  [1m[36mPicture Count (37.6ms)[0m  [1m[34mSELECT COUNT(*) FROM (SELECT 1 AS one FROM `pictures` ORDER BY RAND() LIMIT 8) subquery_for_count[0m
  [1m[36mPicture Load (8.2ms)[0m  [1m[34mSELECT `pictures`.* FROM `pictures` ORDER BY RAND() LIMIT 8[0m
Completed 200 OK in 43899ms (Views: 43656.5ms | ActiveRecord: 101.2ms | Allocations: 1779019)


Processing by ContentPagesController#index as HTML
  [1m[36mPicture Count (26.0ms)[0m  [1m[34mSELECT COUNT(*) FROM (SELECT 1 AS one FROM `pictures` ORDER BY RAND() LIMIT 8) subquery_for_count[0m
  [1m[36mPicture Load (6.9ms)[0m  [1m[34mSELECT `pictures`.* FROM `pictures` ORDER BY RAND() LIMIT 8[0m
Completed 200 OK in 1030ms (Views: 967.1ms | ActiveRecord: 33.0ms | Allocations: 69914)


Processing by ContentPagesController#index as HTML
  [1m[36mPicture Count (9.6ms)[0m  [1m[34mSELECT COUNT(*) FROM (SELECT 1 AS one FROM `pictures` ORDER BY RAND() LIMIT 8) subquery_for_count[0m
  [1m[36mPicture Load (6.8ms)[0m  [1m[34mSELECT `pictures`.* FROM `pictures` ORDER BY RAND() LIMIT 8[0m
Completed 200 OK in 991ms (Views: 902.3ms | ActiveRecord: 21.2ms | Allocations: 70041)


DEPRECATION WARNING: Using legacy connection handling is deprecated. Please set
`legacy_connection_handling` to `false` in your application.

The new connection handling does not support `connection_handlers`
getter and setter.

Read more about how to migrate at: https://guides.rubyonrails.org/active_record_multiple_databases.html#migrate-to-the-new-connection-handling
 (called from <top (required)> at /var/www/rendezvous/config/environment.rb:5)
DEPRECATION WARNING: Using legacy connection handling is deprecated. Please set
`legacy_connection_handling` to `false` in your application.

The new connection handling does not support `connection_handlers`
getter and setter.

Read more about how to migrate at: https://guides.rubyonrails.org/active_record_multiple_databases.html#migrate-to-the-new-connection-handling
 (called from <top (required)> at /var/www/rendezvous/config/environment.rb:5)
Processing by ContentPagesController#index as HTML
  [1m[36mPicture Count (14.1ms)[0m  [1m[34mSELECT COUNT(*) FROM (SELECT 1 AS one FROM `pictures` ORDER BY RAND() LIMIT 8) subquery_for_count[0m
  [1m[36mPicture Load (7.4ms)[0m  [1m[34mSELECT `pictures`.* FROM `pictures` ORDER BY RAND() LIMIT 8[0m
Completed 200 OK in 1198ms (Views: 1089.0ms | ActiveRecord: 28.7ms | Allocations: 69727)


DEPRECATION WARNING: Using legacy connection handling is deprecated. Please set
`legacy_connection_handling` to `false` in your application.

The new connection handling does not support `connection_handlers`
getter and setter.

Read more about how to migrate at: https://guides.rubyonrails.org/active_record_multiple_databases.html#migrate-to-the-new-connection-handling
 (called from <top (required)> at /var/www/rendezvous/config/environment.rb:5)
  [1m[36mActiveRecord::SchemaMigration Pluck (56.2ms)[0m  [1m[34mSELECT `schema_migrations`.`version` FROM `schema_migrations` ORDER BY `schema_migrations`.`version` ASC[0m
Processing by ContentPagesController#index as HTML
  [1m[36mPicture Count (38.5ms)[0m  [1m[34mSELECT COUNT(*) FROM (SELECT 1 AS one FROM `pictures` ORDER BY RAND() LIMIT 8) subquery_for_count[0m
  [1m[36mPicture Load (8.8ms)[0m  [1m[34mSELECT `pictures`.* FROM `pictures` ORDER BY RAND() LIMIT 8[0m
Completed 200 OK in 42290ms (Views: 42043.1ms | ActiveRecord: 103.8ms | Allocations: 1779234)


Processing by ContentPagesController#index as HTML
  [1m[36mPicture Count (11.7ms)[0m  [1m[34mSELECT COUNT(*) FROM (SELECT 1 AS one FROM `pictures` ORDER BY RAND() LIMIT 8) subquery_for_count[0m
  [1m[36mPicture Load (6.3ms)[0m  [1m[34mSELECT `pictures`.* FROM `pictures` ORDER BY RAND() LIMIT 8[0m
Completed 200 OK in 871ms (Views: 836.8ms | ActiveRecord: 18.1ms | Allocations: 69889)


DEPRECATION WARNING: Using legacy connection handling is deprecated. Please set
`legacy_connection_handling` to `false` in your application.

The new connection handling does not support `connection_handlers`
getter and setter.

Read more about how to migrate at: https://guides.rubyonrails.org/active_record_multiple_databases.html#migrate-to-the-new-connection-handling
 (called from <top (required)> at /var/www/rendezvous/config/environment.rb:5)
*** Devise initializer ***
[:rememberable, :token_authenticatable]
