Arguments: 
  /Users/tim_kinnel/.nvm/versions/node/v15.6.0/bin/node /usr/local/Cellar/yarn/1.22.10/libexec/bin/yarn.js add jquery jquery-ujs jquery-ui maagnific-popup dropzone tinymce braintree-web js-cookie

PATH: 
  /usr/local/opt/openssl@1.1/bin:/Users/tim_kinnel/.pyenv/shims:/Users/tim_kinnel/.nvm/versions/node/v15.6.0/bin:/Users/tim_kinnel/.rbenv/shims:.:/Users/tim_kinnel/.yarn/bin:/Users/tim_kinnel/.config/yarn/global/node_modules/.bin:/usr/local/opt/openssl/bin:/Users/tim_kinnel/.rbenv/bin:/Users/tim_kinnel/.pyenv/shims:/Users/tim_kinnel/.rbenv/bin:/Users/tim_kinnel/.rbenv/shims:/usr/local/share/python@2:/Users/tim_kinnel/bin:/Users/tim_kinnel/.node/bin:/usr/local/sbin:/usr/local/bin:/Users/tim_kinnel/.composer/vendor/bin:/Users/tim_kinnel/.rbenv/shims:/usr/local/bin:/usr/local/sbin:/usr/bin:/bin:/usr/sbin:/sbin:/Users/tim_kinnel/Playground/apache-maven/bin

Yarn version: 
  1.22.10

Node version: 
  15.6.0

Platform: 
  darwin x64

Trace: 
  Error: https://registry.yarnpkg.com/maagnific-popup: Not found
      at Request.params.callback [as _callback] (/usr/local/Cellar/yarn/1.22.10/libexec/lib/cli.js:66988:18)
      at Request.self.callback (/usr/local/Cellar/yarn/1.22.10/libexec/lib/cli.js:140749:22)
      at Request.emit (node:events:379:20)
      at Request.<anonymous> (/usr/local/Cellar/yarn/1.22.10/libexec/lib/cli.js:141721:10)
      at Request.emit (node:events:379:20)
      at IncomingMessage.<anonymous> (/usr/local/Cellar/yarn/1.22.10/libexec/lib/cli.js:141643:12)
      at Object.onceWrapper (node:events:485:28)
      at IncomingMessage.emit (node:events:391:22)
      at endReadableNT (node:internal/streams/readable:1307:12)
      at processTicksAndRejections (node:internal/process/task_queues:81:21)

npm manifest: 
  {
    "name": "rendezvous-website",
    "version": "1.0.0",
    "main": "index.js",
    "author": "Tim Kinnel",
    "license": "MIT"
  }

yarn manifest: 
  No manifest

Lockfile: 
  No lockfile
